# JRE version: Java(TM) SE Runtime Environment 18.9 (11.0.16.1+1) (build 11.0.16.1+1-LTS-1)
# Java VM: Java HotSpot(TM) 64-Bit Server VM 18.9 (11.0.16.1+1-LTS-1, mixed mode, tiered, compressed oops, g1 gc, windows-amd64)
Heap:
 garbage-first heap   total 253952K, used 115400K [0x0000000080000000, 0x0000000100000000)
  region size 1024K, 57 young (58368K), 17 survivors (17408K)
 Metaspace       used 78645K, capacity 80987K, committed 81028K, reserved 587776K
  class space    used 10268K, capacity 11262K, committed 11264K, reserved 516096K
GC Heap History (10 events):
Event: 18.160 GC heap before
{Heap before GC invocations=7 (full 0):
 garbage-first heap   total 253952K, used 130440K [0x0000000080000000, 0x0000000100000000)
  region size 1024K, 108 young (110592K), 6 survivors (6144K)
 Metaspace       used 42285K, capacity 43472K, committed 43824K, reserved 555008K
  class space    used 5433K, capacity 5919K, committed 6016K, reserved 516096K
}
Event: 18.167 GC heap after
{Heap after GC invocations=8 (full 0):
 garbage-first heap   total 253952K, used 31199K [0x0000000080000000, 0x0000000100000000)
  region size 1024K, 13 young (13312K), 13 survivors (13312K)
 Metaspace       used 42285K, capacity 43472K, committed 43824K, reserved 555008K
  class space    used 5433K, capacity 5919K, committed 6016K, reserved 516096K
}
Event: 19.554 GC heap before
{Heap before GC invocations=8 (full 0):
 garbage-first heap   total 253952K, used 144863K [0x0000000080000000, 0x0000000100000000)
  region size 1024K, 124 young (126976K), 13 survivors (13312K)
 Metaspace       used 50912K, capacity 52341K, committed 52528K, reserved 563200K
  class space    used 6645K, capacity 7258K, committed 7296K, reserved 516096K
}
Event: 19.561 GC heap after
{Heap after GC invocations=9 (full 0):
 garbage-first heap   total 253952K, used 35647K [0x0000000080000000, 0x0000000100000000)
  region size 1024K, 13 young (13312K), 13 survivors (13312K)
 Metaspace       used 50912K, capacity 52341K, committed 52528K, reserved 563200K
  class space    used 6645K, capacity 7258K, committed 7296K, reserved 516096K
}
Event: 20.875 GC heap before
{Heap before GC invocations=9 (full 0):
 garbage-first heap   total 253952K, used 125759K [0x0000000080000000, 0x0000000100000000)
  region size 1024K, 96 young (98304K), 13 survivors (13312K)
 Metaspace       used 58584K, capacity 60227K, committed 60420K, reserved 569344K
  class space    used 7716K, capacity 8466K, committed 8576K, reserved 516096K
}
Event: 20.883 GC heap after
{Heap after GC invocations=10 (full 0):
 garbage-first heap   total 253952K, used 47416K [0x0000000080000000, 0x0000000100000000)
  region size 1024K, 11 young (11264K), 11 survivors (11264K)
 Metaspace       used 58584K, capacity 60227K, committed 60420K, reserved 569344K
  class space    used 7716K, capacity 8466K, committed 8576K, reserved 516096K
}
Event: 22.438 GC heap before
{Heap before GC invocations=11 (full 0):
 garbage-first heap   total 253952K, used 170296K [0x0000000080000000, 0x0000000100000000)
  region size 1024K, 131 young (134144K), 11 survivors (11264K)
 Metaspace       used 66660K, capacity 68634K, committed 68740K, reserved 575488K
  class space    used 8828K, capacity 9674K, committed 9728K, reserved 516096K
}
Event: 22.448 GC heap after
{Heap after GC invocations=12 (full 0):
 garbage-first heap   total 253952K, used 53679K [0x0000000080000000, 0x0000000100000000)
  region size 1024K, 12 young (12288K), 12 survivors (12288K)
 Metaspace       used 66660K, capacity 68634K, committed 68740K, reserved 575488K
  class space    used 8828K, capacity 9674K, committed 9728K, reserved 516096K
}
Event: 26.327 GC heap before
{Heap before GC invocations=12 (full 0):
 garbage-first heap   total 253952K, used 180655K [0x0000000080000000, 0x0000000100000000)
  region size 1024K, 135 young (138240K), 12 survivors (12288K)
 Metaspace       used 75104K, capacity 77351K, committed 77572K, reserved 583680K
  class space    used 9839K, capacity 10800K, committed 10880K, reserved 516096K
}
Event: 26.337 GC heap after
{Heap after GC invocations=13 (full 0):
 garbage-first heap   total 253952K, used 67272K [0x0000000080000000, 0x0000000100000000)
  region size 1024K, 17 young (17408K), 17 survivors (17408K)
 Metaspace       used 75104K, capacity 77351K, committed 77572K, reserved 583680K
  class space    used 9839K, capacity 10800K, committed 10880K, reserved 516096K
}

